<?xml version="1.0" encoding="utf-8"?><testsuites name="pytest tests"><testsuite name="pytest" errors="0" failures="0" skipped="0" tests="10" time="1.666" timestamp="2026-05-30T22:14:41.425637+00:00" hostname="agent-env-d533b012-820d-4299-854e-f9d14a7ba62b"><testcase classname="backend.tests.test_c_plan.TestImport" name="test_import_json_format" time="0.260" /><testcase classname="backend.tests.test_c_plan.TestImport" name="test_import_yaml_format" time="0.065" /><testcase classname="backend.tests.test_c_plan.TestImport" name="test_import_raw_dict_backward_compat" time="0.053" /><testcase classname="backend.tests.test_c_plan.TestImport" name="test_import_invalid_json_content" time="0.049" /><testcase classname="backend.tests.test_c_plan.TestDhcpRelay" name="test_dhcp_relay_e2e_catalyst9300" time="0.159" /><testcase classname="backend.tests.test_c_plan.TestDhcpRelay" name="test_dhcp_relay_unsupported_ie3300" time="0.112" /><testcase classname="backend.tests.test_c_plan.TestDhcpRelay" name="test_dhcp_relay_invalid_inputs" time="0.102" /><testcase classname="backend.tests.test_c_plan.TestRevisions" name="test_revisions_after_put" time="0.206" /><testcase classname="backend.tests.test_c_plan.TestExport" name="test_export_all_formats" time="0.332" /><testcase classname="backend.tests.test_c_plan.TestSmokeRegression" name="test_ie3300_validate_generate_smoke" time="0.160" /></testsuite></testsuites>